Сборка начата 08.01.2025 12:24:54.
Уровень детализации журнала: Normal.     1>Проект "C:\Users\renam\SOMETHING #1\LabRab\AISD   -\LabRab#5   +-\Lab05   +-\Lab05\Lab05.vcxproj" в узле 2 (целевые объекты Build).
     1>InitializeBuildStatus:
         Создание "Debug\Lab05.tlog\unsuccessfulbuild", так как было задано "AlwaysCreate".
         Обращение к "Debug\Lab05.tlog\unsuccessfulbuild".
       ClCompile:
         C:\Program Files\Microsoft Visual Studio\2022\Community\VC\Tools\MSVC\14.37.32822\bin\HostX86\x86\CL.exe /c /ZI /JMC /nologo /W3 /WX- /diagnostics:column /sdl /Od /Oy- /D WIN32 /D _DEBUG /D _CONSOLE /D _UNICODE /D UNICODE /Gm- /EHsc /RTC1 /MDd /GS /fp:precise /Zc:wchar_t /Zc:forScope /Zc:inline /permissive- /Fo"Debug\\" /Fd"Debug\vc143.pdb" /external:W3 /Gd /TP /analyze- /FC /errorReport:prompt Lab05.cpp
         Lab05.cpp
       Link:
         C:\Program Files\Microsoft Visual Studio\2022\Community\VC\Tools\MSVC\14.37.32822\bin\HostX86\x86\link.exe /ERRORREPORT:PROMPT /OUT:"C:\Users\renam\SOMETHING #1\LabRab\AISD   -\LabRab#5   +-\Lab05   +-\Debug\Lab05.exe" /INCREMENTAL /ILK:"Debug\Lab05.ilk" /NOLOGO kernel32.lib user32.lib gdi32.lib winspool.lib comdlg32.lib advapi32.lib shell32.lib ole32.lib oleaut32.lib uuid.lib odbc32.lib odbccp32.lib /MANIFEST /MANIFESTUAC:"level='asInvoker' uiAccess='false'" /manifest:embed /DEBUG /PDB:"C:\Users\renam\SOMETHING #1\LabRab\AISD   -\LabRab#5   +-\Lab05   +-\Debug\Lab05.pdb" /SUBSYSTEM:CONSOLE /TLBID:1 /DYNAMICBASE /NXCOMPAT /IMPLIB:"C:\Users\renam\SOMETHING #1\LabRab\AISD   -\LabRab#5   +-\Lab05   +-\Debug\Lab05.lib" /MACHINE:X86 Debug\Lab05.obj
         Lab05.vcxproj -> C:\Users\renam\SOMETHING #1\LabRab\AISD   -\LabRab#5   +-\Lab05   +-\Debug\Lab05.exe
       TlogCleanup:
         Следующие элементы будут удалены из tlogs, так как они были удалены из проекта или сборки: C:\Users\renam\SOMETHING #1\LabRab\AISD\Lab05\Lab05\Lab05.cpp.
       FinalizeBuildStatus:
         Файл "Debug\Lab05.tlog\unsuccessfulbuild" удаляется.
         Обращение к "Debug\Lab05.tlog\Lab05.lastbuildstate".
     1>Сборка проекта "C:\Users\renam\SOMETHING #1\LabRab\AISD   -\LabRab#5   +-\Lab05   +-\Lab05\Lab05.vcxproj" завершена (целевые объекты Build).

Сборка успешно завершена.
    Предупреждений: 0
    Ошибок: 0

Прошло времени 00:00:01.50
