Сборка начата 08.01.2025 12:42:13.
Уровень детализации журнала: Normal.     1>Проект "C:\Users\renam\SOMETHING #1\LabRab\AISD   -\LabRab#10   +-\Lab10\Lab10\Lab10.vcxproj" в узле 2 (целевые объекты Build).
     1>InitializeBuildStatus:
         Создание "Debug\Lab10.tlog\unsuccessfulbuild", так как было задано "AlwaysCreate".
         Обращение к "Debug\Lab10.tlog\unsuccessfulbuild".
       ClCompile:
         C:\Program Files\Microsoft Visual Studio\2022\Community\VC\Tools\MSVC\14.37.32822\bin\HostX86\x86\CL.exe /c /ZI /JMC /nologo /W3 /WX- /diagnostics:column /sdl /Od /Oy- /D WIN32 /D _DEBUG /D _CONSOLE /D _UNICODE /D UNICODE /Gm- /EHsc /RTC1 /MDd /GS /fp:precise /Zc:wchar_t /Zc:forScope /Zc:inline /permissive- /Fo"Debug\\" /Fd"Debug\vc143.pdb" /external:W3 /Gd /TP /analyze- /FC /errorReport:prompt Lab10.cpp
         Lab10.cpp
     1>C:\Users\renam\SOMETHING #1\LabRab\AISD   -\LabRab#10   +-\Lab10\Lab10\Lab10.cpp(88,21): warning C4244: return: преобразование "double" в "float", возможна потеря данных
     1>C:\Users\renam\SOMETHING #1\LabRab\AISD   -\LabRab#10   +-\Lab10\Lab10\Lab10.cpp(96,56): warning C4018: <: несоответствие типов со знаком и без знака
     1>C:\Users\renam\SOMETHING #1\LabRab\AISD   -\LabRab#10   +-\Lab10\Lab10\Lab10.cpp(99,31): warning C4018: <: несоответствие типов со знаком и без знака
     1>C:\Users\renam\SOMETHING #1\LabRab\AISD   -\LabRab#10   +-\Lab10\Lab10\Lab10.cpp(106,31): warning C4018: <: несоответствие типов со знаком и без знака
     1>C:\Users\renam\SOMETHING #1\LabRab\AISD   -\LabRab#10   +-\Lab10\Lab10\Lab10.cpp(138,15): warning C4244: аргумент: преобразование "time_t" в "unsigned int", возможна потеря данных
     1>C:\Users\renam\SOMETHING #1\LabRab\AISD   -\LabRab#10   +-\Lab10\Lab10\Lab10.cpp(222,45): warning C4018: <: несоответствие типов со знаком и без знака
       Link:
         C:\Program Files\Microsoft Visual Studio\2022\Community\VC\Tools\MSVC\14.37.32822\bin\HostX86\x86\link.exe /ERRORREPORT:PROMPT /OUT:"C:\Users\renam\SOMETHING #1\LabRab\AISD   -\LabRab#10   +-\Lab10\Debug\Lab10.exe" /INCREMENTAL /ILK:"Debug\Lab10.ilk" /NOLOGO kernel32.lib user32.lib gdi32.lib winspool.lib comdlg32.lib advapi32.lib shell32.lib ole32.lib oleaut32.lib uuid.lib odbc32.lib odbccp32.lib /MANIFEST /MANIFESTUAC:"level='asInvoker' uiAccess='false'" /manifest:embed /DEBUG /PDB:"C:\Users\renam\SOMETHING #1\LabRab\AISD   -\LabRab#10   +-\Lab10\Debug\Lab10.pdb" /SUBSYSTEM:CONSOLE /TLBID:1 /DYNAMICBASE /NXCOMPAT /IMPLIB:"C:\Users\renam\SOMETHING #1\LabRab\AISD   -\LabRab#10   +-\Lab10\Debug\Lab10.lib" /MACHINE:X86 Debug\Lab10.obj
         Lab10.vcxproj -> C:\Users\renam\SOMETHING #1\LabRab\AISD   -\LabRab#10   +-\Lab10\Debug\Lab10.exe
       TlogCleanup:
         Следующие элементы будут удалены из tlogs, так как они были удалены из проекта или сборки: D:\bstu\sem 3\AiSD\Lab10\Lab10\Lab10.cpp.
       FinalizeBuildStatus:
         Файл "Debug\Lab10.tlog\unsuccessfulbuild" удаляется.
         Обращение к "Debug\Lab10.tlog\Lab10.lastbuildstate".
     1>Сборка проекта "C:\Users\renam\SOMETHING #1\LabRab\AISD   -\LabRab#10   +-\Lab10\Lab10\Lab10.vcxproj" завершена (целевые объекты Build).

Сборка успешно завершена.

       "C:\Users\renam\SOMETHING #1\LabRab\AISD   -\LabRab#10   +-\Lab10\Lab10\Lab10.vcxproj" (целевой объект Build ) (1) ->
       (Целевой объект ClCompile) -> 
         C:\Users\renam\SOMETHING #1\LabRab\AISD   -\LabRab#10   +-\Lab10\Lab10\Lab10.cpp(88,21): warning C4244: return: преобразование "double" в "float", возможна потеря данных
         C:\Users\renam\SOMETHING #1\LabRab\AISD   -\LabRab#10   +-\Lab10\Lab10\Lab10.cpp(96,56): warning C4018: <: несоответствие типов со знаком и без знака
         C:\Users\renam\SOMETHING #1\LabRab\AISD   -\LabRab#10   +-\Lab10\Lab10\Lab10.cpp(99,31): warning C4018: <: несоответствие типов со знаком и без знака
         C:\Users\renam\SOMETHING #1\LabRab\AISD   -\LabRab#10   +-\Lab10\Lab10\Lab10.cpp(106,31): warning C4018: <: несоответствие типов со знаком и без знака
         C:\Users\renam\SOMETHING #1\LabRab\AISD   -\LabRab#10   +-\Lab10\Lab10\Lab10.cpp(138,15): warning C4244: аргумент: преобразование "time_t" в "unsigned int", возможна потеря данных
         C:\Users\renam\SOMETHING #1\LabRab\AISD   -\LabRab#10   +-\Lab10\Lab10\Lab10.cpp(222,45): warning C4018: <: несоответствие типов со знаком и без знака

    Предупреждений: 6
    Ошибок: 0

Прошло времени 00:00:01.35
