Сборка начата 08.01.2025 15:06:24.
Уровень детализации журнала: Normal.     1>Проект "C:\Users\renam\SOMETHING #1\LabRab\AISD   -\LabRab#7   +-\Lab07   +-\Lab07\Lab07.vcxproj" в узле 2 (целевые объекты Build).
     1>InitializeBuildStatus:
         Создание "Debug\Lab07.tlog\unsuccessfulbuild", так как было задано "AlwaysCreate".
         Обращение к "Debug\Lab07.tlog\unsuccessfulbuild".
       ClCompile:
         C:\Program Files\Microsoft Visual Studio\2022\Community\VC\Tools\MSVC\14.37.32822\bin\HostX86\x86\CL.exe /c /ZI /JMC /nologo /W3 /WX- /diagnostics:column /sdl /Od /Oy- /D WIN32 /D _DEBUG /D _CONSOLE /D _UNICODE /D UNICODE /Gm- /EHsc /RTC1 /MDd /GS /fp:precise /Zc:wchar_t /Zc:forScope /Zc:inline /permissive- /Fo"Debug\\" /Fd"Debug\vc143.pdb" /external:W3 /Gd /TP /analyze- /FC /errorReport:prompt Lab07.cpp
         Lab07.cpp
     1>C:\Users\renam\SOMETHING #1\LabRab\AISD   -\LabRab#7   +-\Lab07   +-\Lab07\Lab07.cpp(39,20): warning C4018: <: несоответствие типов со знаком и без знака
       Link:
         C:\Program Files\Microsoft Visual Studio\2022\Community\VC\Tools\MSVC\14.37.32822\bin\HostX86\x86\link.exe /ERRORREPORT:PROMPT /OUT:"C:\Users\renam\SOMETHING #1\LabRab\AISD   -\LabRab#7   +-\Lab07   +-\Debug\Lab07.exe" /INCREMENTAL /ILK:"Debug\Lab07.ilk" /NOLOGO kernel32.lib user32.lib gdi32.lib winspool.lib comdlg32.lib advapi32.lib shell32.lib ole32.lib oleaut32.lib uuid.lib odbc32.lib odbccp32.lib /MANIFEST /MANIFESTUAC:"level='asInvoker' uiAccess='false'" /manifest:embed /DEBUG /PDB:"C:\Users\renam\SOMETHING #1\LabRab\AISD   -\LabRab#7   +-\Lab07   +-\Debug\Lab07.pdb" /SUBSYSTEM:CONSOLE /TLBID:1 /DYNAMICBASE /NXCOMPAT /IMPLIB:"C:\Users\renam\SOMETHING #1\LabRab\AISD   -\LabRab#7   +-\Lab07   +-\Debug\Lab07.lib" /MACHINE:X86 Debug\Lab07.obj
         Lab07.vcxproj -> C:\Users\renam\SOMETHING #1\LabRab\AISD   -\LabRab#7   +-\Lab07   +-\Debug\Lab07.exe
       FinalizeBuildStatus:
         Файл "Debug\Lab07.tlog\unsuccessfulbuild" удаляется.
         Обращение к "Debug\Lab07.tlog\Lab07.lastbuildstate".
     1>Сборка проекта "C:\Users\renam\SOMETHING #1\LabRab\AISD   -\LabRab#7   +-\Lab07   +-\Lab07\Lab07.vcxproj" завершена (целевые объекты Build).

Сборка успешно завершена.

       "C:\Users\renam\SOMETHING #1\LabRab\AISD   -\LabRab#7   +-\Lab07   +-\Lab07\Lab07.vcxproj" (целевой объект Build ) (1) ->
       (Целевой объект ClCompile) -> 
         C:\Users\renam\SOMETHING #1\LabRab\AISD   -\LabRab#7   +-\Lab07   +-\Lab07\Lab07.cpp(39,20): warning C4018: <: несоответствие типов со знаком и без знака

    Предупреждений: 1
    Ошибок: 0

Прошло времени 00:00:04.07
