Сборка начата 26.12.2024 15:28:49.
Уровень детализации журнала: Normal.     1>Проект "C:\Users\renam\SOMETHING #1\LabRab\AISD   -\LabRab#8   +-\Lab08\Lab08\Lab08.vcxproj" в узле 2 (целевые объекты Build).
     1>InitializeBuildStatus:
         Создание "x64\Debug\Lab08.tlog\unsuccessfulbuild", так как было задано "AlwaysCreate".
         Обращение к "x64\Debug\Lab08.tlog\unsuccessfulbuild".
       ClCompile:
         C:\Program Files\Microsoft Visual Studio\2022\Community\VC\Tools\MSVC\14.37.32822\bin\HostX64\x64\CL.exe /c /ZI /JMC /nologo /W3 /WX- /diagnostics:column /sdl /Od /D _DEBUG /D _CONSOLE /D _UNICODE /D UNICODE /Gm- /EHsc /RTC1 /MDd /GS /fp:precise /Zc:wchar_t /Zc:forScope /Zc:inline /permissive- /Fo"x64\Debug\\" /Fd"x64\Debug\vc143.pdb" /external:W3 /Gd /TP /FC /errorReport:prompt Lab08.cpp
         Lab08.cpp
       Link:
         C:\Program Files\Microsoft Visual Studio\2022\Community\VC\Tools\MSVC\14.37.32822\bin\HostX64\x64\link.exe /ERRORREPORT:PROMPT /OUT:"C:\Users\renam\SOMETHING #1\LabRab\AISD   -\LabRab#8   +-\Lab08\x64\Debug\Lab08.exe" /INCREMENTAL /ILK:"x64\Debug\Lab08.ilk" /NOLOGO kernel32.lib user32.lib gdi32.lib winspool.lib comdlg32.lib advapi32.lib shell32.lib ole32.lib oleaut32.lib uuid.lib odbc32.lib odbccp32.lib /MANIFEST /MANIFESTUAC:"level='asInvoker' uiAccess='false'" /manifest:embed /DEBUG /PDB:"C:\Users\renam\SOMETHING #1\LabRab\AISD   -\LabRab#8   +-\Lab08\x64\Debug\Lab08.pdb" /SUBSYSTEM:CONSOLE /TLBID:1 /DYNAMICBASE /NXCOMPAT /IMPLIB:"C:\Users\renam\SOMETHING #1\LabRab\AISD   -\LabRab#8   +-\Lab08\x64\Debug\Lab08.lib" /MACHINE:X64 x64\Debug\Lab08.obj
         Lab08.vcxproj -> C:\Users\renam\SOMETHING #1\LabRab\AISD   -\LabRab#8   +-\Lab08\x64\Debug\Lab08.exe
       TlogCleanup:
         Следующие элементы будут удалены из tlogs, так как они были удалены из проекта или сборки: D:\bstu\sem 3\AiSD\Lab08\Lab08\Lab08.cpp.
       FinalizeBuildStatus:
         Файл "x64\Debug\Lab08.tlog\unsuccessfulbuild" удаляется.
         Обращение к "x64\Debug\Lab08.tlog\Lab08.lastbuildstate".
     1>Сборка проекта "C:\Users\renam\SOMETHING #1\LabRab\AISD   -\LabRab#8   +-\Lab08\Lab08\Lab08.vcxproj" завершена (целевые объекты Build).

Сборка успешно завершена.
    Предупреждений: 0
    Ошибок: 0

Прошло времени 00:00:01.17
